-- The C compiler identification is GNU 13.3.0
-- The CXX compiler identification is GNU 13.3.0
-- Detecting C compiler ABI info
-- Detecting C compiler ABI info - done
-- Check for working C compiler: /usr/bin/cc - skipped
-- Detecting C compile features
-- Detecting C compile features - done
-- Detecting CXX compiler ABI info
-- Detecting CXX compiler ABI info - done
-- Check for working CXX compiler: /usr/bin/c++ - skipped
-- Detecting CXX compile features
-- Detecting CXX compile features - done
-- Found ament_cmake: 2.5.4 (/opt/ros/jazzy/share/ament_cmake/cmake)
-- Found Python3: /usr/bin/python3 (found version "3.12.3") found components: Interpreter 
-- Found rclcpp: 28.1.10 (/opt/ros/jazzy/share/rclcpp/cmake)
-- Found rosidl_generator_c: 4.6.5 (/opt/ros/jazzy/share/rosidl_generator_c/cmake)
-- Found rosidl_generator_cpp: 4.6.5 (/opt/ros/jazzy/share/rosidl_generator_cpp/cmake)
-- Using all available rosidl_typesupport_c: rosidl_typesupport_fastrtps_c;rosidl_typesupport_introspection_c
-- Using all available rosidl_typesupport_cpp: rosidl_typesupport_fastrtps_cpp;rosidl_typesupport_introspection_cpp
-- Found rmw_implementation_cmake: 7.3.2 (/opt/ros/jazzy/share/rmw_implementation_cmake/cmake)
-- Found rmw_fastrtps_cpp: 8.4.2 (/opt/ros/jazzy/share/rmw_fastrtps_cpp/cmake)
-- Found OpenSSL: /usr/lib/x86_64-linux-gnu/libcrypto.so (found version "3.0.13")  
-- Found FastRTPS: /opt/ros/jazzy/include (Required is at least version "2.13") 
-- Using RMW implementation 'rmw_fastrtps_cpp' as default
-- Found rclcpp_components: 28.1.10 (/opt/ros/jazzy/share/rclcpp_components/cmake)
-- Found audio_common_msgs: 0.3.12 (/home/saulo/ros2_servidor_ws/install/audio_common_msgs/share/audio_common_msgs/cmake)
-- Found diagnostic_updater: 4.2.6 (/opt/ros/jazzy/share/diagnostic_updater/cmake)
-- Found PkgConfig: /usr/bin/pkg-config (found version "1.8.1") 
-- Checking for module 'gstreamer-1.0'
--   Found gstreamer-1.0, version 1.24.2
-- Found Boost: /usr/lib/x86_64-linux-gnu/cmake/Boost-1.83.0/BoostConfig.cmake (found version "1.83.0") found components: thread 
-- Configuring done (1.3s)
-- Generating done (0.0s)
-- Build files have been written to: /home/saulo/ros2_servidor_ws/build/audio_capture
[ 50%] [32mBuilding CXX object CMakeFiles/audio_capture.dir/src/audio_capture_node.cpp.o[0m
[ 50%] [32mBuilding CXX object CMakeFiles/audio_capture_node.dir/rclcpp_components/node_main_audio_capture_node.cpp.o[0m
[ 75%] [32m[1mLinking CXX executable audio_capture_node[0m
[ 75%] Built target audio_capture_node
[100%] [32m[1mLinking CXX shared library libaudio_capture.so[0m
[100%] Built target audio_capture
-- Install configuration: ""
-- Installing: /home/saulo/ros2_servidor_ws/install/audio_capture/lib/audio_capture/audio_capture_node
-- Set non-toolchain portion of runtime path of "/home/saulo/ros2_servidor_ws/install/audio_capture/lib/audio_capture/audio_capture_node" to ""
-- Installing: /home/saulo/ros2_servidor_ws/install/audio_capture/bin/audio_capture_node
-- Set non-toolchain portion of runtime path of "/home/saulo/ros2_servidor_ws/install/audio_capture/bin/audio_capture_node" to ""
-- Installing: /home/saulo/ros2_servidor_ws/install/audio_capture/lib/libaudio_capture.so
-- Set non-toolchain portion of runtime path of "/home/saulo/ros2_servidor_ws/install/audio_capture/lib/libaudio_capture.so" to ""
-- Installing: /home/saulo/ros2_servidor_ws/install/audio_capture/share/audio_capture/launch
-- Installing: /home/saulo/ros2_servidor_ws/install/audio_capture/share/audio_capture/launch/capture_to_file.launch.xml
-- Installing: /home/saulo/ros2_servidor_ws/install/audio_capture/share/audio_capture/launch/capture_wave.launch.py
-- Installing: /home/saulo/ros2_servidor_ws/install/audio_capture/share/audio_capture/launch/capture.launch.py
-- Installing: /home/saulo/ros2_servidor_ws/install/audio_capture/share/audio_capture/launch/capture_wave.launch.xml
-- Installing: /home/saulo/ros2_servidor_ws/install/audio_capture/share/audio_capture/launch/capture_to_file.launch.py
-- Installing: /home/saulo/ros2_servidor_ws/install/audio_capture/share/audio_capture/launch/capture.launch.xml
-- Installing: /home/saulo/ros2_servidor_ws/install/audio_capture/share/audio_capture/environment/library_path.sh
-- Installing: /home/saulo/ros2_servidor_ws/install/audio_capture/share/audio_capture/environment/library_path.dsv
-- Installing: /home/saulo/ros2_servidor_ws/install/audio_capture/share/ament_index/resource_index/package_run_dependencies/audio_capture
-- Installing: /home/saulo/ros2_servidor_ws/install/audio_capture/share/ament_index/resource_index/parent_prefix_path/audio_capture
-- Installing: /home/saulo/ros2_servidor_ws/install/audio_capture/share/audio_capture/environment/ament_prefix_path.sh
-- Installing: /home/saulo/ros2_servidor_ws/install/audio_capture/share/audio_capture/environment/ament_prefix_path.dsv
-- Installing: /home/saulo/ros2_servidor_ws/install/audio_capture/share/audio_capture/environment/path.sh
-- Installing: /home/saulo/ros2_servidor_ws/install/audio_capture/share/audio_capture/environment/path.dsv
-- Installing: /home/saulo/ros2_servidor_ws/install/audio_capture/share/audio_capture/local_setup.bash
-- Installing: /home/saulo/ros2_servidor_ws/install/audio_capture/share/audio_capture/local_setup.sh
-- Installing: /home/saulo/ros2_servidor_ws/install/audio_capture/share/audio_capture/local_setup.zsh
-- Installing: /home/saulo/ros2_servidor_ws/install/audio_capture/share/audio_capture/local_setup.dsv
-- Installing: /home/saulo/ros2_servidor_ws/install/audio_capture/share/audio_capture/package.dsv
-- Installing: /home/saulo/ros2_servidor_ws/install/audio_capture/share/ament_index/resource_index/packages/audio_capture
-- Installing: /home/saulo/ros2_servidor_ws/install/audio_capture/share/ament_index/resource_index/rclcpp_components/audio_capture
-- Installing: /home/saulo/ros2_servidor_ws/install/audio_capture/share/audio_capture/cmake/ament_cmake_export_libraries-extras.cmake
-- Installing: /home/saulo/ros2_servidor_ws/install/audio_capture/share/audio_capture/cmake/audio_captureConfig.cmake
-- Installing: /home/saulo/ros2_servidor_ws/install/audio_capture/share/audio_capture/cmake/audio_captureConfig-version.cmake
-- Installing: /home/saulo/ros2_servidor_ws/install/audio_capture/share/audio_capture/package.xml
