[0.011s] Invoking command in '/home/saulo/ros2_servidor_ws/build/audio_common': AMENT_PREFIX_PATH=/home/saulo/ros2_servidor_ws/install/audio_capture:/home/saulo/ros2_servidor_ws/install/audio_common_msgs:${AMENT_PREFIX_PATH} CMAKE_PREFIX_PATH=/home/saulo/ros2_servidor_ws/install/audio_capture:/home/saulo/ros2_servidor_ws/install/audio_common_msgs:/opt/ros/jazzy/opt/gz_sim_vendor:/opt/ros/jazzy/opt/gz_sensors_vendor:/opt/ros/jazzy/opt/gz_physics_vendor:/opt/ros/jazzy/opt/sdformat_vendor:/opt/ros/jazzy/opt/gz_gui_vendor:/opt/ros/jazzy/opt/gz_transport_vendor:/opt/ros/jazzy/opt/gz_rendering_vendor:/opt/ros/jazzy/opt/gz_plugin_vendor:/opt/ros/jazzy/opt/gz_fuel_tools_vendor:/opt/ros/jazzy/opt/gz_msgs_vendor:/opt/ros/jazzy/opt/gz_common_vendor:/opt/ros/jazzy/opt/gz_math_vendor:/opt/ros/jazzy/opt/gz_utils_vendor:/opt/ros/jazzy/opt/gz_tools_vendor:/opt/ros/jazzy/opt/gz_ogre_next_vendor:/opt/ros/jazzy/opt/gz_dartsim_vendor:/opt/ros/jazzy/opt/gz_cmake_vendor:/opt/ros/jazzy DEBUGINFOD_URLS=https://debuginfod.ubuntu.com LD_LIBRARY_PATH=/home/saulo/ros2_servidor_ws/install/audio_capture/lib:/home/saulo/ros2_servidor_ws/install/audio_common_msgs/lib:${LD_LIBRARY_PATH} PATH=/home/saulo/ros2_servidor_ws/install/audio_capture/bin:${PATH} PYTHONPATH=/home/saulo/ros2_servidor_ws/install/audio_common_msgs/lib/python3.12/site-packages:${PYTHONPATH} /usr/bin/cmake /home/saulo/ros2_servidor_ws/src/audio_common/audio_common -DCMAKE_INSTALL_PREFIX=/home/saulo/ros2_servidor_ws/install/audio_common
[0.057s] -- The C compiler identification is GNU 13.3.0
[0.103s] -- The CXX compiler identification is GNU 13.3.0
[0.118s] -- Detecting C compiler ABI info
[0.200s] -- Detecting C compiler ABI info - done
[0.206s] -- Check for working C compiler: /usr/bin/cc - skipped
[0.206s] -- Detecting C compile features
[0.207s] -- Detecting C compile features - done
[0.215s] -- Detecting CXX compiler ABI info
[0.304s] -- Detecting CXX compiler ABI info - done
[0.311s] -- Check for working CXX compiler: /usr/bin/c++ - skipped
[0.311s] -- Detecting CXX compile features
[0.312s] -- Detecting CXX compile features - done
[0.316s] -- Found ament_cmake: 2.5.4 (/opt/ros/jazzy/share/ament_cmake/cmake)
[0.443s] -- Found Python3: /usr/bin/python3 (found version "3.12.3") found components: Interpreter 
[0.611s] -- Configuring done (0.6s)
[0.614s] -- Generating done (0.0s)
[0.615s] -- Build files have been written to: /home/saulo/ros2_servidor_ws/build/audio_common
[0.620s] Invoked command in '/home/saulo/ros2_servidor_ws/build/audio_common' returned '0': AMENT_PREFIX_PATH=/home/saulo/ros2_servidor_ws/install/audio_capture:/home/saulo/ros2_servidor_ws/install/audio_common_msgs:${AMENT_PREFIX_PATH} CMAKE_PREFIX_PATH=/home/saulo/ros2_servidor_ws/install/audio_capture:/home/saulo/ros2_servidor_ws/install/audio_common_msgs:/opt/ros/jazzy/opt/gz_sim_vendor:/opt/ros/jazzy/opt/gz_sensors_vendor:/opt/ros/jazzy/opt/gz_physics_vendor:/opt/ros/jazzy/opt/sdformat_vendor:/opt/ros/jazzy/opt/gz_gui_vendor:/opt/ros/jazzy/opt/gz_transport_vendor:/opt/ros/jazzy/opt/gz_rendering_vendor:/opt/ros/jazzy/opt/gz_plugin_vendor:/opt/ros/jazzy/opt/gz_fuel_tools_vendor:/opt/ros/jazzy/opt/gz_msgs_vendor:/opt/ros/jazzy/opt/gz_common_vendor:/opt/ros/jazzy/opt/gz_math_vendor:/opt/ros/jazzy/opt/gz_utils_vendor:/opt/ros/jazzy/opt/gz_tools_vendor:/opt/ros/jazzy/opt/gz_ogre_next_vendor:/opt/ros/jazzy/opt/gz_dartsim_vendor:/opt/ros/jazzy/opt/gz_cmake_vendor:/opt/ros/jazzy DEBUGINFOD_URLS=https://debuginfod.ubuntu.com LD_LIBRARY_PATH=/home/saulo/ros2_servidor_ws/install/audio_capture/lib:/home/saulo/ros2_servidor_ws/install/audio_common_msgs/lib:${LD_LIBRARY_PATH} PATH=/home/saulo/ros2_servidor_ws/install/audio_capture/bin:${PATH} PYTHONPATH=/home/saulo/ros2_servidor_ws/install/audio_common_msgs/lib/python3.12/site-packages:${PYTHONPATH} /usr/bin/cmake /home/saulo/ros2_servidor_ws/src/audio_common/audio_common -DCMAKE_INSTALL_PREFIX=/home/saulo/ros2_servidor_ws/install/audio_common
[0.621s] Invoking command in '/home/saulo/ros2_servidor_ws/build/audio_common': AMENT_PREFIX_PATH=/home/saulo/ros2_servidor_ws/install/audio_capture:/home/saulo/ros2_servidor_ws/install/audio_common_msgs:${AMENT_PREFIX_PATH} CMAKE_PREFIX_PATH=/home/saulo/ros2_servidor_ws/install/audio_capture:/home/saulo/ros2_servidor_ws/install/audio_common_msgs:/opt/ros/jazzy/opt/gz_sim_vendor:/opt/ros/jazzy/opt/gz_sensors_vendor:/opt/ros/jazzy/opt/gz_physics_vendor:/opt/ros/jazzy/opt/sdformat_vendor:/opt/ros/jazzy/opt/gz_gui_vendor:/opt/ros/jazzy/opt/gz_transport_vendor:/opt/ros/jazzy/opt/gz_rendering_vendor:/opt/ros/jazzy/opt/gz_plugin_vendor:/opt/ros/jazzy/opt/gz_fuel_tools_vendor:/opt/ros/jazzy/opt/gz_msgs_vendor:/opt/ros/jazzy/opt/gz_common_vendor:/opt/ros/jazzy/opt/gz_math_vendor:/opt/ros/jazzy/opt/gz_utils_vendor:/opt/ros/jazzy/opt/gz_tools_vendor:/opt/ros/jazzy/opt/gz_ogre_next_vendor:/opt/ros/jazzy/opt/gz_dartsim_vendor:/opt/ros/jazzy/opt/gz_cmake_vendor:/opt/ros/jazzy DEBUGINFOD_URLS=https://debuginfod.ubuntu.com LD_LIBRARY_PATH=/home/saulo/ros2_servidor_ws/install/audio_capture/lib:/home/saulo/ros2_servidor_ws/install/audio_common_msgs/lib:${LD_LIBRARY_PATH} PATH=/home/saulo/ros2_servidor_ws/install/audio_capture/bin:${PATH} PYTHONPATH=/home/saulo/ros2_servidor_ws/install/audio_common_msgs/lib/python3.12/site-packages:${PYTHONPATH} /usr/bin/cmake --build /home/saulo/ros2_servidor_ws/build/audio_common -- -j16 -l16
[0.659s] Invoked command in '/home/saulo/ros2_servidor_ws/build/audio_common' returned '0': AMENT_PREFIX_PATH=/home/saulo/ros2_servidor_ws/install/audio_capture:/home/saulo/ros2_servidor_ws/install/audio_common_msgs:${AMENT_PREFIX_PATH} CMAKE_PREFIX_PATH=/home/saulo/ros2_servidor_ws/install/audio_capture:/home/saulo/ros2_servidor_ws/install/audio_common_msgs:/opt/ros/jazzy/opt/gz_sim_vendor:/opt/ros/jazzy/opt/gz_sensors_vendor:/opt/ros/jazzy/opt/gz_physics_vendor:/opt/ros/jazzy/opt/sdformat_vendor:/opt/ros/jazzy/opt/gz_gui_vendor:/opt/ros/jazzy/opt/gz_transport_vendor:/opt/ros/jazzy/opt/gz_rendering_vendor:/opt/ros/jazzy/opt/gz_plugin_vendor:/opt/ros/jazzy/opt/gz_fuel_tools_vendor:/opt/ros/jazzy/opt/gz_msgs_vendor:/opt/ros/jazzy/opt/gz_common_vendor:/opt/ros/jazzy/opt/gz_math_vendor:/opt/ros/jazzy/opt/gz_utils_vendor:/opt/ros/jazzy/opt/gz_tools_vendor:/opt/ros/jazzy/opt/gz_ogre_next_vendor:/opt/ros/jazzy/opt/gz_dartsim_vendor:/opt/ros/jazzy/opt/gz_cmake_vendor:/opt/ros/jazzy DEBUGINFOD_URLS=https://debuginfod.ubuntu.com LD_LIBRARY_PATH=/home/saulo/ros2_servidor_ws/install/audio_capture/lib:/home/saulo/ros2_servidor_ws/install/audio_common_msgs/lib:${LD_LIBRARY_PATH} PATH=/home/saulo/ros2_servidor_ws/install/audio_capture/bin:${PATH} PYTHONPATH=/home/saulo/ros2_servidor_ws/install/audio_common_msgs/lib/python3.12/site-packages:${PYTHONPATH} /usr/bin/cmake --build /home/saulo/ros2_servidor_ws/build/audio_common -- -j16 -l16
[0.660s] Invoking command in '/home/saulo/ros2_servidor_ws/build/audio_common': AMENT_PREFIX_PATH=/home/saulo/ros2_servidor_ws/install/audio_capture:/home/saulo/ros2_servidor_ws/install/audio_common_msgs:${AMENT_PREFIX_PATH} CMAKE_PREFIX_PATH=/home/saulo/ros2_servidor_ws/install/audio_capture:/home/saulo/ros2_servidor_ws/install/audio_common_msgs:/opt/ros/jazzy/opt/gz_sim_vendor:/opt/ros/jazzy/opt/gz_sensors_vendor:/opt/ros/jazzy/opt/gz_physics_vendor:/opt/ros/jazzy/opt/sdformat_vendor:/opt/ros/jazzy/opt/gz_gui_vendor:/opt/ros/jazzy/opt/gz_transport_vendor:/opt/ros/jazzy/opt/gz_rendering_vendor:/opt/ros/jazzy/opt/gz_plugin_vendor:/opt/ros/jazzy/opt/gz_fuel_tools_vendor:/opt/ros/jazzy/opt/gz_msgs_vendor:/opt/ros/jazzy/opt/gz_common_vendor:/opt/ros/jazzy/opt/gz_math_vendor:/opt/ros/jazzy/opt/gz_utils_vendor:/opt/ros/jazzy/opt/gz_tools_vendor:/opt/ros/jazzy/opt/gz_ogre_next_vendor:/opt/ros/jazzy/opt/gz_dartsim_vendor:/opt/ros/jazzy/opt/gz_cmake_vendor:/opt/ros/jazzy DEBUGINFOD_URLS=https://debuginfod.ubuntu.com LD_LIBRARY_PATH=/home/saulo/ros2_servidor_ws/install/audio_capture/lib:/home/saulo/ros2_servidor_ws/install/audio_common_msgs/lib:${LD_LIBRARY_PATH} PATH=/home/saulo/ros2_servidor_ws/install/audio_capture/bin:${PATH} PYTHONPATH=/home/saulo/ros2_servidor_ws/install/audio_common_msgs/lib/python3.12/site-packages:${PYTHONPATH} /usr/bin/cmake --install /home/saulo/ros2_servidor_ws/build/audio_common
[0.667s] -- Install configuration: ""
[0.667s] -- Installing: /home/saulo/ros2_servidor_ws/install/audio_common/share/ament_index/resource_index/package_run_dependencies/audio_common
[0.668s] -- Installing: /home/saulo/ros2_servidor_ws/install/audio_common/share/ament_index/resource_index/parent_prefix_path/audio_common
[0.668s] -- Installing: /home/saulo/ros2_servidor_ws/install/audio_common/share/audio_common/environment/ament_prefix_path.sh
[0.668s] -- Installing: /home/saulo/ros2_servidor_ws/install/audio_common/share/audio_common/environment/ament_prefix_path.dsv
[0.668s] -- Installing: /home/saulo/ros2_servidor_ws/install/audio_common/share/audio_common/environment/path.sh
[0.668s] -- Installing: /home/saulo/ros2_servidor_ws/install/audio_common/share/audio_common/environment/path.dsv
[0.668s] -- Installing: /home/saulo/ros2_servidor_ws/install/audio_common/share/audio_common/local_setup.bash
[0.668s] -- Installing: /home/saulo/ros2_servidor_ws/install/audio_common/share/audio_common/local_setup.sh
[0.668s] -- Installing: /home/saulo/ros2_servidor_ws/install/audio_common/share/audio_common/local_setup.zsh
[0.669s] -- Installing: /home/saulo/ros2_servidor_ws/install/audio_common/share/audio_common/local_setup.dsv
[0.669s] -- Installing: /home/saulo/ros2_servidor_ws/install/audio_common/share/audio_common/package.dsv
[0.669s] -- Installing: /home/saulo/ros2_servidor_ws/install/audio_common/share/ament_index/resource_index/packages/audio_common
[0.669s] -- Installing: /home/saulo/ros2_servidor_ws/install/audio_common/share/audio_common/cmake/audio_commonConfig.cmake
[0.669s] -- Installing: /home/saulo/ros2_servidor_ws/install/audio_common/share/audio_common/cmake/audio_commonConfig-version.cmake
[0.669s] -- Installing: /home/saulo/ros2_servidor_ws/install/audio_common/share/audio_common/package.xml
[0.671s] Invoked command in '/home/saulo/ros2_servidor_ws/build/audio_common' returned '0': AMENT_PREFIX_PATH=/home/saulo/ros2_servidor_ws/install/audio_capture:/home/saulo/ros2_servidor_ws/install/audio_common_msgs:${AMENT_PREFIX_PATH} CMAKE_PREFIX_PATH=/home/saulo/ros2_servidor_ws/install/audio_capture:/home/saulo/ros2_servidor_ws/install/audio_common_msgs:/opt/ros/jazzy/opt/gz_sim_vendor:/opt/ros/jazzy/opt/gz_sensors_vendor:/opt/ros/jazzy/opt/gz_physics_vendor:/opt/ros/jazzy/opt/sdformat_vendor:/opt/ros/jazzy/opt/gz_gui_vendor:/opt/ros/jazzy/opt/gz_transport_vendor:/opt/ros/jazzy/opt/gz_rendering_vendor:/opt/ros/jazzy/opt/gz_plugin_vendor:/opt/ros/jazzy/opt/gz_fuel_tools_vendor:/opt/ros/jazzy/opt/gz_msgs_vendor:/opt/ros/jazzy/opt/gz_common_vendor:/opt/ros/jazzy/opt/gz_math_vendor:/opt/ros/jazzy/opt/gz_utils_vendor:/opt/ros/jazzy/opt/gz_tools_vendor:/opt/ros/jazzy/opt/gz_ogre_next_vendor:/opt/ros/jazzy/opt/gz_dartsim_vendor:/opt/ros/jazzy/opt/gz_cmake_vendor:/opt/ros/jazzy DEBUGINFOD_URLS=https://debuginfod.ubuntu.com LD_LIBRARY_PATH=/home/saulo/ros2_servidor_ws/install/audio_capture/lib:/home/saulo/ros2_servidor_ws/install/audio_common_msgs/lib:${LD_LIBRARY_PATH} PATH=/home/saulo/ros2_servidor_ws/install/audio_capture/bin:${PATH} PYTHONPATH=/home/saulo/ros2_servidor_ws/install/audio_common_msgs/lib/python3.12/site-packages:${PYTHONPATH} /usr/bin/cmake --install /home/saulo/ros2_servidor_ws/build/audio_common
