/home/saulo/ros2_servidor_ws/install/pacote7_vits/lib/python3.12/site-packages/pacote7_vits/models.py
/home/saulo/ros2_servidor_ws/install/pacote7_vits/lib/python3.12/site-packages/pacote7_vits/commons.py
/home/saulo/ros2_servidor_ws/install/pacote7_vits/lib/python3.12/site-packages/pacote7_vits/modules.py
/home/saulo/ros2_servidor_ws/install/pacote7_vits/lib/python3.12/site-packages/pacote7_vits/__init__.py
/home/saulo/ros2_servidor_ws/install/pacote7_vits/lib/python3.12/site-packages/pacote7_vits/utils.py
/home/saulo/ros2_servidor_ws/install/pacote7_vits/lib/python3.12/site-packages/pacote7_vits/_vits_flask_runner.py
/home/saulo/ros2_servidor_ws/install/pacote7_vits/lib/python3.12/site-packages/pacote7_vits/transforms.py
/home/saulo/ros2_servidor_ws/install/pacote7_vits/lib/python3.12/site-packages/pacote7_vits/attentions.py
/home/saulo/ros2_servidor_ws/install/pacote7_vits/lib/python3.12/site-packages/pacote7_vits/text/cleaners.py
/home/saulo/ros2_servidor_ws/install/pacote7_vits/lib/python3.12/site-packages/pacote7_vits/text/__init__.py
/home/saulo/ros2_servidor_ws/install/pacote7_vits/lib/python3.12/site-packages/pacote7_vits/text/symbols.py
/home/saulo/ros2_servidor_ws/install/pacote7_vits/lib/python3.12/site-packages/pacote7_vits/__pycache__/models.cpython-312.pyc
/home/saulo/ros2_servidor_ws/install/pacote7_vits/lib/python3.12/site-packages/pacote7_vits/__pycache__/commons.cpython-312.pyc
/home/saulo/ros2_servidor_ws/install/pacote7_vits/lib/python3.12/site-packages/pacote7_vits/__pycache__/modules.cpython-312.pyc
/home/saulo/ros2_servidor_ws/install/pacote7_vits/lib/python3.12/site-packages/pacote7_vits/__pycache__/__init__.cpython-312.pyc
/home/saulo/ros2_servidor_ws/install/pacote7_vits/lib/python3.12/site-packages/pacote7_vits/__pycache__/utils.cpython-312.pyc
/home/saulo/ros2_servidor_ws/install/pacote7_vits/lib/python3.12/site-packages/pacote7_vits/__pycache__/_vits_flask_runner.cpython-312.pyc
/home/saulo/ros2_servidor_ws/install/pacote7_vits/lib/python3.12/site-packages/pacote7_vits/__pycache__/transforms.cpython-312.pyc
/home/saulo/ros2_servidor_ws/install/pacote7_vits/lib/python3.12/site-packages/pacote7_vits/__pycache__/attentions.cpython-312.pyc
/home/saulo/ros2_servidor_ws/install/pacote7_vits/lib/python3.12/site-packages/pacote7_vits/text/__pycache__/cleaners.cpython-312.pyc
/home/saulo/ros2_servidor_ws/install/pacote7_vits/lib/python3.12/site-packages/pacote7_vits/text/__pycache__/__init__.cpython-312.pyc
/home/saulo/ros2_servidor_ws/install/pacote7_vits/lib/python3.12/site-packages/pacote7_vits/text/__pycache__/symbols.cpython-312.pyc
/home/saulo/ros2_servidor_ws/install/pacote7_vits/share/ament_index/resource_index/packages/pacote7_vits
/home/saulo/ros2_servidor_ws/install/pacote7_vits/share/pacote7_vits/package.xml
/home/saulo/ros2_servidor_ws/install/pacote7_vits/lib/python3.12/site-packages/pacote7_vits-0.0.0-py3.12.egg-info/top_level.txt
/home/saulo/ros2_servidor_ws/install/pacote7_vits/lib/python3.12/site-packages/pacote7_vits-0.0.0-py3.12.egg-info/SOURCES.txt
/home/saulo/ros2_servidor_ws/install/pacote7_vits/lib/python3.12/site-packages/pacote7_vits-0.0.0-py3.12.egg-info/dependency_links.txt
/home/saulo/ros2_servidor_ws/install/pacote7_vits/lib/python3.12/site-packages/pacote7_vits-0.0.0-py3.12.egg-info/zip-safe
/home/saulo/ros2_servidor_ws/install/pacote7_vits/lib/python3.12/site-packages/pacote7_vits-0.0.0-py3.12.egg-info/requires.txt
/home/saulo/ros2_servidor_ws/install/pacote7_vits/lib/python3.12/site-packages/pacote7_vits-0.0.0-py3.12.egg-info/PKG-INFO
