running egg_info
creating ../../build/pacote7_vits/pacote7_vits.egg-info
writing ../../build/pacote7_vits/pacote7_vits.egg-info/PKG-INFO
writing dependency_links to ../../build/pacote7_vits/pacote7_vits.egg-info/dependency_links.txt
writing requirements to ../../build/pacote7_vits/pacote7_vits.egg-info/requires.txt
writing top-level names to ../../build/pacote7_vits/pacote7_vits.egg-info/top_level.txt
writing manifest file '../../build/pacote7_vits/pacote7_vits.egg-info/SOURCES.txt'
reading manifest file '../../build/pacote7_vits/pacote7_vits.egg-info/SOURCES.txt'
writing manifest file '../../build/pacote7_vits/pacote7_vits.egg-info/SOURCES.txt'
running build
running build_py
creating /home/saulo/ros2_servidor_ws/build/pacote7_vits/build
creating /home/saulo/ros2_servidor_ws/build/pacote7_vits/build/lib
creating /home/saulo/ros2_servidor_ws/build/pacote7_vits/build/lib/pacote7_vits
copying pacote7_vits/models.py -> /home/saulo/ros2_servidor_ws/build/pacote7_vits/build/lib/pacote7_vits
copying pacote7_vits/commons.py -> /home/saulo/ros2_servidor_ws/build/pacote7_vits/build/lib/pacote7_vits
copying pacote7_vits/modules.py -> /home/saulo/ros2_servidor_ws/build/pacote7_vits/build/lib/pacote7_vits
copying pacote7_vits/__init__.py -> /home/saulo/ros2_servidor_ws/build/pacote7_vits/build/lib/pacote7_vits
copying pacote7_vits/utils.py -> /home/saulo/ros2_servidor_ws/build/pacote7_vits/build/lib/pacote7_vits
copying pacote7_vits/_vits_flask_runner.py -> /home/saulo/ros2_servidor_ws/build/pacote7_vits/build/lib/pacote7_vits
copying pacote7_vits/transforms.py -> /home/saulo/ros2_servidor_ws/build/pacote7_vits/build/lib/pacote7_vits
copying pacote7_vits/attentions.py -> /home/saulo/ros2_servidor_ws/build/pacote7_vits/build/lib/pacote7_vits
creating /home/saulo/ros2_servidor_ws/build/pacote7_vits/build/lib/pacote7_vits/text
copying pacote7_vits/text/cleaners.py -> /home/saulo/ros2_servidor_ws/build/pacote7_vits/build/lib/pacote7_vits/text
copying pacote7_vits/text/__init__.py -> /home/saulo/ros2_servidor_ws/build/pacote7_vits/build/lib/pacote7_vits/text
copying pacote7_vits/text/symbols.py -> /home/saulo/ros2_servidor_ws/build/pacote7_vits/build/lib/pacote7_vits/text
running install
running install_lib
creating /home/saulo/ros2_servidor_ws/install/pacote7_vits/lib/python3.12/site-packages/pacote7_vits
copying /home/saulo/ros2_servidor_ws/build/pacote7_vits/build/lib/pacote7_vits/models.py -> /home/saulo/ros2_servidor_ws/install/pacote7_vits/lib/python3.12/site-packages/pacote7_vits
copying /home/saulo/ros2_servidor_ws/build/pacote7_vits/build/lib/pacote7_vits/commons.py -> /home/saulo/ros2_servidor_ws/install/pacote7_vits/lib/python3.12/site-packages/pacote7_vits
copying /home/saulo/ros2_servidor_ws/build/pacote7_vits/build/lib/pacote7_vits/modules.py -> /home/saulo/ros2_servidor_ws/install/pacote7_vits/lib/python3.12/site-packages/pacote7_vits
copying /home/saulo/ros2_servidor_ws/build/pacote7_vits/build/lib/pacote7_vits/__init__.py -> /home/saulo/ros2_servidor_ws/install/pacote7_vits/lib/python3.12/site-packages/pacote7_vits
copying /home/saulo/ros2_servidor_ws/build/pacote7_vits/build/lib/pacote7_vits/utils.py -> /home/saulo/ros2_servidor_ws/install/pacote7_vits/lib/python3.12/site-packages/pacote7_vits
copying /home/saulo/ros2_servidor_ws/build/pacote7_vits/build/lib/pacote7_vits/_vits_flask_runner.py -> /home/saulo/ros2_servidor_ws/install/pacote7_vits/lib/python3.12/site-packages/pacote7_vits
creating /home/saulo/ros2_servidor_ws/install/pacote7_vits/lib/python3.12/site-packages/pacote7_vits/text
copying /home/saulo/ros2_servidor_ws/build/pacote7_vits/build/lib/pacote7_vits/text/cleaners.py -> /home/saulo/ros2_servidor_ws/install/pacote7_vits/lib/python3.12/site-packages/pacote7_vits/text
copying /home/saulo/ros2_servidor_ws/build/pacote7_vits/build/lib/pacote7_vits/text/__init__.py -> /home/saulo/ros2_servidor_ws/install/pacote7_vits/lib/python3.12/site-packages/pacote7_vits/text
copying /home/saulo/ros2_servidor_ws/build/pacote7_vits/build/lib/pacote7_vits/text/symbols.py -> /home/saulo/ros2_servidor_ws/install/pacote7_vits/lib/python3.12/site-packages/pacote7_vits/text
copying /home/saulo/ros2_servidor_ws/build/pacote7_vits/build/lib/pacote7_vits/transforms.py -> /home/saulo/ros2_servidor_ws/install/pacote7_vits/lib/python3.12/site-packages/pacote7_vits
copying /home/saulo/ros2_servidor_ws/build/pacote7_vits/build/lib/pacote7_vits/attentions.py -> /home/saulo/ros2_servidor_ws/install/pacote7_vits/lib/python3.12/site-packages/pacote7_vits
byte-compiling /home/saulo/ros2_servidor_ws/install/pacote7_vits/lib/python3.12/site-packages/pacote7_vits/models.py to models.cpython-312.pyc
byte-compiling /home/saulo/ros2_servidor_ws/install/pacote7_vits/lib/python3.12/site-packages/pacote7_vits/commons.py to commons.cpython-312.pyc
byte-compiling /home/saulo/ros2_servidor_ws/install/pacote7_vits/lib/python3.12/site-packages/pacote7_vits/modules.py to modules.cpython-312.pyc
byte-compiling /home/saulo/ros2_servidor_ws/install/pacote7_vits/lib/python3.12/site-packages/pacote7_vits/__init__.py to __init__.cpython-312.pyc
byte-compiling /home/saulo/ros2_servidor_ws/install/pacote7_vits/lib/python3.12/site-packages/pacote7_vits/utils.py to utils.cpython-312.pyc
byte-compiling /home/saulo/ros2_servidor_ws/install/pacote7_vits/lib/python3.12/site-packages/pacote7_vits/_vits_flask_runner.py to _vits_flask_runner.cpython-312.pyc
byte-compiling /home/saulo/ros2_servidor_ws/install/pacote7_vits/lib/python3.12/site-packages/pacote7_vits/text/cleaners.py to cleaners.cpython-312.pyc
byte-compiling /home/saulo/ros2_servidor_ws/install/pacote7_vits/lib/python3.12/site-packages/pacote7_vits/text/__init__.py to __init__.cpython-312.pyc
byte-compiling /home/saulo/ros2_servidor_ws/install/pacote7_vits/lib/python3.12/site-packages/pacote7_vits/text/symbols.py to symbols.cpython-312.pyc
byte-compiling /home/saulo/ros2_servidor_ws/install/pacote7_vits/lib/python3.12/site-packages/pacote7_vits/transforms.py to transforms.cpython-312.pyc
byte-compiling /home/saulo/ros2_servidor_ws/install/pacote7_vits/lib/python3.12/site-packages/pacote7_vits/attentions.py to attentions.cpython-312.pyc
running install_data
creating /home/saulo/ros2_servidor_ws/install/pacote7_vits/share/ament_index
creating /home/saulo/ros2_servidor_ws/install/pacote7_vits/share/ament_index/resource_index
creating /home/saulo/ros2_servidor_ws/install/pacote7_vits/share/ament_index/resource_index/packages
copying resource/pacote7_vits -> /home/saulo/ros2_servidor_ws/install/pacote7_vits/share/ament_index/resource_index/packages
copying package.xml -> /home/saulo/ros2_servidor_ws/install/pacote7_vits/share/pacote7_vits
running install_egg_info
Copying ../../build/pacote7_vits/pacote7_vits.egg-info to /home/saulo/ros2_servidor_ws/install/pacote7_vits/lib/python3.12/site-packages/pacote7_vits-0.0.0-py3.12.egg-info
running install_scripts
writing list of installed files to '/home/saulo/ros2_servidor_ws/build/pacote7_vits/install.log'
