running egg_info
creating ../../build/pacote8_publisher_voz/pacote8_publisher_voz.egg-info
writing ../../build/pacote8_publisher_voz/pacote8_publisher_voz.egg-info/PKG-INFO
writing dependency_links to ../../build/pacote8_publisher_voz/pacote8_publisher_voz.egg-info/dependency_links.txt
writing entry points to ../../build/pacote8_publisher_voz/pacote8_publisher_voz.egg-info/entry_points.txt
writing requirements to ../../build/pacote8_publisher_voz/pacote8_publisher_voz.egg-info/requires.txt
writing top-level names to ../../build/pacote8_publisher_voz/pacote8_publisher_voz.egg-info/top_level.txt
writing manifest file '../../build/pacote8_publisher_voz/pacote8_publisher_voz.egg-info/SOURCES.txt'
reading manifest file '../../build/pacote8_publisher_voz/pacote8_publisher_voz.egg-info/SOURCES.txt'
writing manifest file '../../build/pacote8_publisher_voz/pacote8_publisher_voz.egg-info/SOURCES.txt'
running build
running build_py
creating /home/saulo/ros2_servidor_ws/build/pacote8_publisher_voz/build
creating /home/saulo/ros2_servidor_ws/build/pacote8_publisher_voz/build/lib
creating /home/saulo/ros2_servidor_ws/build/pacote8_publisher_voz/build/lib/pacote8_publisher_voz
copying pacote8_publisher_voz/__init__.py -> /home/saulo/ros2_servidor_ws/build/pacote8_publisher_voz/build/lib/pacote8_publisher_voz
copying pacote8_publisher_voz/speech_synthesis_publisher_node.py -> /home/saulo/ros2_servidor_ws/build/pacote8_publisher_voz/build/lib/pacote8_publisher_voz
running install
running install_lib
creating /home/saulo/ros2_servidor_ws/install/pacote8_publisher_voz/lib/python3.12/site-packages/pacote8_publisher_voz
copying /home/saulo/ros2_servidor_ws/build/pacote8_publisher_voz/build/lib/pacote8_publisher_voz/__init__.py -> /home/saulo/ros2_servidor_ws/install/pacote8_publisher_voz/lib/python3.12/site-packages/pacote8_publisher_voz
copying /home/saulo/ros2_servidor_ws/build/pacote8_publisher_voz/build/lib/pacote8_publisher_voz/speech_synthesis_publisher_node.py -> /home/saulo/ros2_servidor_ws/install/pacote8_publisher_voz/lib/python3.12/site-packages/pacote8_publisher_voz
byte-compiling /home/saulo/ros2_servidor_ws/install/pacote8_publisher_voz/lib/python3.12/site-packages/pacote8_publisher_voz/__init__.py to __init__.cpython-312.pyc
byte-compiling /home/saulo/ros2_servidor_ws/install/pacote8_publisher_voz/lib/python3.12/site-packages/pacote8_publisher_voz/speech_synthesis_publisher_node.py to speech_synthesis_publisher_node.cpython-312.pyc
running install_data
creating /home/saulo/ros2_servidor_ws/install/pacote8_publisher_voz/share/ament_index
creating /home/saulo/ros2_servidor_ws/install/pacote8_publisher_voz/share/ament_index/resource_index
creating /home/saulo/ros2_servidor_ws/install/pacote8_publisher_voz/share/ament_index/resource_index/packages
copying resource/pacote8_publisher_voz -> /home/saulo/ros2_servidor_ws/install/pacote8_publisher_voz/share/ament_index/resource_index/packages
copying package.xml -> /home/saulo/ros2_servidor_ws/install/pacote8_publisher_voz/share/pacote8_publisher_voz
running install_egg_info
Copying ../../build/pacote8_publisher_voz/pacote8_publisher_voz.egg-info to /home/saulo/ros2_servidor_ws/install/pacote8_publisher_voz/lib/python3.12/site-packages/pacote8_publisher_voz-0.0.0-py3.12.egg-info
running install_scripts
Installing speech_synthesis_publisher script to /home/saulo/ros2_servidor_ws/install/pacote8_publisher_voz/lib/pacote8_publisher_voz
writing list of installed files to '/home/saulo/ros2_servidor_ws/build/pacote8_publisher_voz/install.log'
